AI/Migrations/20260210_InitialSeed.ts(153,25): error TS2532: Object is possibly 'undefined'.
app/models/__tests__/BaseModel.test.ts(6,23): error TS2511: Cannot create an instance of an abstract class.
app/models/__tests__/BaseModel.test.ts(13,23): error TS2511: Cannot create an instance of an abstract class.
app/models/__tests__/BaseModel.test.ts(19,23): error TS2511: Cannot create an instance of an abstract class.
app/models/__tests__/BaseModel.test.ts(26,23): error TS2511: Cannot create an instance of an abstract class.
app/models/__tests__/BaseModel.test.ts(31,23): error TS2511: Cannot create an instance of an abstract class.
app/pages/foundry/index.vue(104,54): error TS2345: Argument of type '{ title: string; content: string; type: "contract" | "proposal" | "invoice" | "brief" | "template" | "other"; status: "draft" | "review" | "final" | "archived"; url: string; storageKey: string; ... 9 more ...; updatedAt: Date; }' is not assignable to parameter of type 'Document'.
  Property 'parseDate' is missing in type '{ title: string; content: string; type: "contract" | "proposal" | "invoice" | "brief" | "template" | "other"; status: "draft" | "review" | "final" | "archived"; url: string; storageKey: string; ... 9 more ...; updatedAt: Date; }' but required in type 'Document'.
app/pages/foundry/index.vue(109,67): error TS2345: Argument of type '{ title: string; content: string; type: "contract" | "proposal" | "invoice" | "brief" | "template" | "other"; status: "draft" | "review" | "final" | "archived"; url: string; storageKey: string; ... 9 more ...; updatedAt: Date; }' is not assignable to parameter of type 'Document'.
  Property 'parseDate' is missing in type '{ title: string; content: string; type: "contract" | "proposal" | "invoice" | "brief" | "template" | "other"; status: "draft" | "review" | "final" | "archived"; url: string; storageKey: string; ... 9 more ...; updatedAt: Date; }' but required in type 'Document'.
app/pages/inbox.vue(49,47): error TS2345: Argument of type '{ from: string; fromId: string; to: string; subject: string; body: string; read: boolean; archived: boolean; priority: "low" | "high" | "normal"; type: string; metadata: Record<string, any>; toJSON: () => { ...; }; id: string; createdAt: Date; updatedAt: Date; }' is not assignable to parameter of type 'InboxMessage'.
  Property 'parseDate' is missing in type '{ from: string; fromId: string; to: string; subject: string; body: string; read: boolean; archived: boolean; priority: "low" | "high" | "normal"; type: string; metadata: Record<string, any>; toJSON: () => { ...; }; id: string; createdAt: Date; updatedAt: Date; }' but required in type 'InboxMessage'.
app/pages/projects/[id].vue(269,74): error TS2345: Argument of type '{ title: string; description: string; isCompleted: boolean; status: TaskStatus; priority: Priority; dueDate: Date | null; assigneeId: string | null; createdBy: string; ... 11 more ...; updatedAt: Date; }' is not assignable to parameter of type 'Task'.
  Property 'parseDate' is missing in type '{ title: string; description: string; isCompleted: boolean; status: TaskStatus; priority: Priority; dueDate: Date | null; assigneeId: string | null; createdBy: string; ... 11 more ...; updatedAt: Date; }' but required in type 'Task'.
app/pages/projects/[id].vue(327,74): error TS2345: Argument of type '{ title: string; description: string; isCompleted: boolean; status: TaskStatus; priority: Priority; dueDate: Date | null; assigneeId: string | null; createdBy: string; ... 11 more ...; updatedAt: Date; }' is not assignable to parameter of type 'Task'.
  Property 'parseDate' is missing in type '{ title: string; description: string; isCompleted: boolean; status: TaskStatus; priority: Priority; dueDate: Date | null; assigneeId: string | null; createdBy: string; ... 11 more ...; updatedAt: Date; }' but required in type 'Task'.
app/schemas/ProjectSchema.ts(20,20): error TS2554: Expected 2-3 arguments, but got 1.
ilytat_common_packages/packages/ilytat-admin-panel/components/admin/AdminDashboard.vue(103,9): error TS2339: Property 'addToast' does not exist on type '{ toasts: Ref<{ id: string; message: string; type: ToastType; data?: any; position: ToastPosition; duration: number; dismissible: boolean; createdAt: number; }[], Toast[] | { ...; }[]>; ... 6 more ...; dev: (message: string, data?: any, options?: ToastOptions | undefined) => void; }'.
ilytat_common_packages/packages/ilytat-admin-panel/components/admin/AdminSystem.vue(62,34): error TS2321: Excessive stack depth comparing types 'Exclude<R extends "/api/admin/invite" ? { key: "/api/admin/invite"; exact: true; score: []; catchAll: false; } : { key: "/api/admin/invite"; exact: false; score: `${R}/` extends `${infer RouteSeg}/${infer RouteRest}` ? `${RouteSeg}?` extends `${infer RouteSegWithoutQuery}?${string}` ? RouteSegWithoutQuery extends ""...' and '{ score: MaxTuple<((R extends "/api/admin/invite" ? { key: "/api/admin/invite"; exact: true; score: []; catchAll: false; } : { key: "/api/admin/invite"; exact: false; score: `${R}/` extends `${infer RouteSeg}/${infer RouteRest}` ? `${RouteSeg}?` extends `${infer RouteSegWithoutQuery}?${string}` ? RouteSegWithoutQuer...'.
ilytat_common_packages/packages/ilytat-admin-panel/components/admin/AdminSystem.vue(62,34): error TS2321: Excessive stack depth comparing types 'Exclude<{ key: "/__nuxt_error"; exact: false; score: `${R}/` extends `${infer RouteSeg}/${infer RouteRest}` ? `${RouteSeg}?` extends `${infer RouteSegWithoutQuery}?${string}` ? RouteSegWithoutQuery extends "" ? `${RouteRest}/` extends `${infer RouteSeg}/${infer RouteRest}` ? `${RouteSeg}?` extends `${infer RouteSegW...' and '{ score: MaxTuple<((R extends "/api/admin/invite" ? { key: "/api/admin/invite"; exact: true; score: []; catchAll: false; } : { key: "/api/admin/invite"; exact: false; score: `${R}/` extends `${infer RouteSeg}/${infer RouteRest}` ? `${RouteSeg}?` extends `${infer RouteSegWithoutQuery}?${string}` ? RouteSegWithoutQuer...'.
ilytat_common_packages/packages/ilytat-admin-panel/components/admin/AdminTasks.vue(13,5): error TS2304: Cannot find name 'useTaskPreferences'.
ilytat_common_packages/packages/ilytat-admin-panel/composables/useSystemHealth.ts(22,13): error TS2532: Object is possibly 'undefined'.
ilytat_common_packages/packages/ilytat-admin-panel/composables/useSystemHealth.ts(26,13): error TS2532: Object is possibly 'undefined'.
ilytat_common_packages/packages/ilytat-finance/components/FinanceDashboard.vue(450,9): error TS2322: Type 'string | undefined' is not assignable to type 'string'.
  Type 'undefined' is not assignable to type 'string'.
ilytat_common_packages/packages/ilytat-finance/composables/useFinance.ts(39,82): error TS2339: Property 'includes' does not exist on type '{}'.
ilytat_common_packages/packages/ilytat-finance/composables/useFinance.ts(39,123): error TS2339: Property 'includes' does not exist on type '{}'.
server/api/docs.get.ts(47,64): error TS2345: Argument of type 'string' is not assignable to parameter of type 'number'.
AI/Migrations/20260210_InitialSeed.ts(153,25): error TS2532: Object is possibly 'undefined'.
app/schemas/ProjectSchema.ts(20,20): error TS2554: Expected 2-3 arguments, but got 1.
server/api/docs.get.ts(47,64): error TS2345: Argument of type 'string' is not assignable to parameter of type 'number'.
nuxt.config.ts(57,7): error TS2322: Type 'Plugin<any>[]' is not assignable to type 'PluginOption'.
  Type 'Plugin<any>[]' is not assignable to type 'PluginOption[]'.
    Type 'Plugin<any>' is not assignable to type 'PluginOption'.
      Type 'import("/home/jj/Desktop/ilytat_hq/node_modules/vite/dist/node/index").Plugin<any>' is not assignable to type 'Plugin<any>'.
        Types of property 'hotUpdate' are incompatible.
          Type 'ObjectHook<(this: MinimalPluginContext & { environment: DevEnvironment; }, options: HotUpdateOptions) => void | EnvironmentModuleNode[] | Promise<...>> | undefined' is not assignable to type 'ObjectHook<(this: MinimalPluginContext & { environment: DevEnvironment; }, options: HotUpdateOptions) => void | EnvironmentModuleNode[] | Promise<...>, {}> | undefined'.
            Type '(this: MinimalPluginContext & { environment: DevEnvironment; }, options: HotUpdateOptions) => void | EnvironmentModuleNode[] | Promise<...>' is not assignable to type 'ObjectHook<(this: MinimalPluginContext & { environment: DevEnvironment; }, options: HotUpdateOptions) => void | EnvironmentModuleNode[] | Promise<...>, {}> | undefined'.
              Type '(this: import("/home/jj/Desktop/ilytat_hq/node_modules/rollup/dist/rollup").MinimalPluginContext & { ...; }, options: import("/home/jj/Desktop/ilytat_hq/node_modules/vite/dist/node/index").HotUpdateOptions) => void | ... 1 more ... | Promise<...>' is not assignable to type '(this: MinimalPluginContext & { environment: DevEnvironment; }, options: HotUpdateOptions) => void | EnvironmentModuleNode[] | Promise<...>'.
                The 'this' types of each signature are incompatible.
                  Type 'MinimalPluginContext & { environment: DevEnvironment; }' is not assignable to type 'import("/home/jj/Desktop/ilytat_hq/node_modules/rollup/dist/rollup").MinimalPluginContext & { environment: import("/home/jj/Desktop/ilytat_hq/node_modules/vite/dist/node/index").DevEnvironment; }'.
                    Type 'MinimalPluginContext & { environment: DevEnvironment; }' is not assignable to type 'MinimalPluginContext'.
                      Types of property 'meta' are incompatible.
                        Property 'viteVersion' is missing in type 'PluginContextMeta' but required in type 'import("/home/jj/Desktop/ilytat_hq/node_modules/rollup/dist/rollup").PluginContextMeta'.
nuxt.config.ts(74,11): error TS2353: Object literal may only specify known properties, and 'hid' does not exist in type '{ [x: `data-${string}`]: Stringable | undefined; charset?: "utf-8" | { readonly [x: number]: string | undefined; toString?: (() => string) | undefined; charAt?: ((pos: number) => string) | undefined; ... 49 more ...; [Symbol.iterator]?: (() => StringIterator<...>) | undefined; } | undefined; ... 9 more ...; processT...'.

 ERROR  Process exited with non-zero status (2)

    at G._waitForOutput (node_modules/.pnpm/tinyexec@1.0.2/node_modules/tinyexec/dist/main.js:574:92)
    at process.processTicksAndRejections (node:internal/process/task_queues:103:5)
    at async Object.run (node_modules/.pnpm/@nuxt+cli@3.33.1_@nuxt+schema@4.3.1_cac@6.7.14_magicast@0.5.2/node_modules/@nuxt/cli/dist/typecheck-C8wVgBzd.mjs:66:3)
    at async runCommand (node_modules/.pnpm/citty@0.2.1/node_modules/citty/dist/index.mjs:188:47)
    at async runCommand (node_modules/.pnpm/citty@0.2.1/node_modules/citty/dist/index.mjs:185:21)
    at async runMain (node_modules/.pnpm/citty@0.2.1/node_modules/citty/dist/index.mjs:285:10) 


